Performing C SOURCE FILE Test CMAKE_HAVE_LIBC_PTHREAD failed with the following output:
Change Dir: /home/bong/CLionProjects/gRPC_exercise/cmake-build-debug/CMakeFiles/CMakeTmp

Run Build Command(s):/usr/bin/make -f Makefile cmTC_74356/fast && make[1]: Entering directory '/home/bong/CLionProjects/gRPC_exercise/cmake-build-debug/CMakeFiles/CMakeTmp'
/usr/bin/make  -f CMakeFiles/cmTC_74356.dir/build.make CMakeFiles/cmTC_74356.dir/build
make[2]: Entering directory '/home/bong/CLionProjects/gRPC_exercise/cmake-build-debug/CMakeFiles/CMakeTmp'
Building C object CMakeFiles/cmTC_74356.dir/src.c.o
/usr/bin/cc -DCMAKE_HAVE_LIBC_PTHREAD   -o CMakeFiles/cmTC_74356.dir/src.c.o -c /home/bong/CLionProjects/gRPC_exercise/cmake-build-debug/CMakeFiles/CMakeTmp/src.c
Linking C executable cmTC_74356
/snap/clion/163/bin/cmake/linux/bin/cmake -E cmake_link_script CMakeFiles/cmTC_74356.dir/link.txt --verbose=1
/usr/bin/cc CMakeFiles/cmTC_74356.dir/src.c.o -o cmTC_74356 
/usr/bin/ld: CMakeFiles/cmTC_74356.dir/src.c.o: in function `main':
src.c:(.text+0x3e): undefined reference to `pthread_create'
/usr/bin/ld: src.c:(.text+0x4a): undefined reference to `pthread_detach'
/usr/bin/ld: src.c:(.text+0x56): undefined reference to `pthread_cancel'
/usr/bin/ld: src.c:(.text+0x67): undefined reference to `pthread_join'
collect2: error: ld returned 1 exit status
make[2]: *** [CMakeFiles/cmTC_74356.dir/build.make:99: cmTC_74356] Error 1
make[2]: Leaving directory '/home/bong/CLionProjects/gRPC_exercise/cmake-build-debug/CMakeFiles/CMakeTmp'
make[1]: *** [Makefile:127: cmTC_74356/fast] Error 2
make[1]: Leaving directory '/home/bong/CLionProjects/gRPC_exercise/cmake-build-debug/CMakeFiles/CMakeTmp'


Source file was:
#include <pthread.h>

static void* test_func(void* data)
{
  return data;
}

int main(void)
{
  pthread_t thread;
  pthread_create(&thread, NULL, test_func, NULL);
  pthread_detach(thread);
  pthread_cancel(thread);
  pthread_join(thread, NULL);
  pthread_atfork(NULL, NULL, NULL);
  pthread_exit(NULL);

  return 0;
}

Determining if the function pthread_create exists in the pthreads failed with the following output:
Change Dir: /home/bong/CLionProjects/gRPC_exercise/cmake-build-debug/CMakeFiles/CMakeTmp

Run Build Command(s):/usr/bin/make -f Makefile cmTC_f25c6/fast && make[1]: Entering directory '/home/bong/CLionProjects/gRPC_exercise/cmake-build-debug/CMakeFiles/CMakeTmp'
/usr/bin/make  -f CMakeFiles/cmTC_f25c6.dir/build.make CMakeFiles/cmTC_f25c6.dir/build
make[2]: Entering directory '/home/bong/CLionProjects/gRPC_exercise/cmake-build-debug/CMakeFiles/CMakeTmp'
Building C object CMakeFiles/cmTC_f25c6.dir/CheckFunctionExists.c.o
/usr/bin/cc   -DCHECK_FUNCTION_EXISTS=pthread_create -o CMakeFiles/cmTC_f25c6.dir/CheckFunctionExists.c.o -c /snap/clion/163/bin/cmake/linux/share/cmake-3.20/Modules/CheckFunctionExists.c
Linking C executable cmTC_f25c6
/snap/clion/163/bin/cmake/linux/bin/cmake -E cmake_link_script CMakeFiles/cmTC_f25c6.dir/link.txt --verbose=1
/usr/bin/cc  -DCHECK_FUNCTION_EXISTS=pthread_create CMakeFiles/cmTC_f25c6.dir/CheckFunctionExists.c.o -o cmTC_f25c6  -lpthreads 
/usr/bin/ld: cannot find -lpthreads
collect2: error: ld returned 1 exit status
make[2]: *** [CMakeFiles/cmTC_f25c6.dir/build.make:99: cmTC_f25c6] Error 1
make[2]: Leaving directory '/home/bong/CLionProjects/gRPC_exercise/cmake-build-debug/CMakeFiles/CMakeTmp'
make[1]: *** [Makefile:127: cmTC_f25c6/fast] Error 2
make[1]: Leaving directory '/home/bong/CLionProjects/gRPC_exercise/cmake-build-debug/CMakeFiles/CMakeTmp'



